Using pre-set license
Built from '2021.3/china_unity/release' branch; Version is '2021.3.30f1c1 (f004340bb748) revision 15729716'; Using compiler version '192829333'; Build Type 'Release'
OS: 'Windows 10  (10.0.19045) 64bit CoreCountrySpecific' Language: 'zh' Physical Memory: 16257 MB
BatchMode: 1, IsHumanControllingUs: 0, StartBugReporterOnCrash: 0, Is64bit: 1, IsPro: 1

COMMAND LINE ARGUMENTS:
D:\2021.3.30f1c1\Editor\Unity.exe
-adb2
-batchMode
-noUpm
-name
AssetImportWorker0
-projectPath
D:/example/example
-logFile
Logs/AssetImportWorker0.log
-srvPort
52830
Successfully changed project path to: D:/example/example
D:/example/example
[UnityMemory] Configuration Parameters - Can be set up in boot.config
    "memorysetup-bucket-allocator-granularity=16"
    "memorysetup-bucket-allocator-bucket-count=8"
    "memorysetup-bucket-allocator-block-size=33554432"
    "memorysetup-bucket-allocator-block-count=8"
    "memorysetup-main-allocator-block-size=16777216"
    "memorysetup-thread-allocator-block-size=16777216"
    "memorysetup-gfx-main-allocator-block-size=16777216"
    "memorysetup-gfx-thread-allocator-block-size=16777216"
    "memorysetup-cache-allocator-block-size=4194304"
    "memorysetup-typetree-allocator-block-size=2097152"
    "memorysetup-profiler-bucket-allocator-granularity=16"
    "memorysetup-profiler-bucket-allocator-bucket-count=8"
    "memorysetup-profiler-bucket-allocator-block-size=33554432"
    "memorysetup-profiler-bucket-allocator-block-count=8"
    "memorysetup-profiler-allocator-block-size=16777216"
    "memorysetup-profiler-editor-allocator-block-size=1048576"
    "memorysetup-temp-allocator-size-main=16777216"
    "memorysetup-job-temp-allocator-block-size=2097152"
    "memorysetup-job-temp-allocator-block-size-background=1048576"
    "memorysetup-job-temp-allocator-reduction-small-platforms=262144"
    "memorysetup-temp-allocator-size-background-worker=32768"
    "memorysetup-temp-allocator-size-job-worker=262144"
    "memorysetup-temp-allocator-size-preload-manager=33554432"
    "memorysetup-temp-allocator-size-nav-mesh-worker=65536"
    "memorysetup-temp-allocator-size-audio-worker=65536"
    "memorysetup-temp-allocator-size-cloud-worker=32768"
    "memorysetup-temp-allocator-size-gi-baking-worker=262144"
    "memorysetup-temp-allocator-size-gfx=262144"
Player connection [1472] Host "[IP] 192.168.31.116 [Port] 0 [Flags] 2 [Guid] 948304838 [EditorId] 948304838 [Version] 1048832 [Id] WindowsEditor(7,LAPTOP-Q4PMCHSC) [Debug] 1 [PackageName] WindowsEditor [ProjectName] Editor" joined multi-casting on [225.0.0.222:54997]...

Player connection [1472] Host "[IP] 192.168.31.116 [Port] 0 [Flags] 2 [Guid] 948304838 [EditorId] 948304838 [Version] 1048832 [Id] WindowsEditor(7,LAPTOP-Q4PMCHSC) [Debug] 1 [PackageName] WindowsEditor [ProjectName] Editor" joined alternative multi-casting on [225.0.0.222:34997]...

AS: AutoStreaming module initializing.
[Physics::Module] Initialized MultithreadedJobDispatcher with {0} workers.
Refreshing native plugins compatible for Editor in 89.23 ms, found 3 plugins.
Preloading 0 native plugins for Editor in 0.00 ms.
Initialize engine version: 2021.3.30f1c1 (f004340bb748)
[Subsystems] Discovering subsystems at path D:/2021.3.30f1c1/Editor/Data/Resources/UnitySubsystems
[Subsystems] Discovering subsystems at path D:/example/example/Assets
GfxDevice: creating device client; threaded=0; jobified=0
Direct3D:
    Version:  Direct3D 11.0 [level 11.1]
    Renderer: NVIDIA GeForce GTX 1660 Ti (ID=0x2191)
    Vendor:   NVIDIA
    VRAM:     5991 MB
    Driver:   27.21.14.5206
Initialize mono
Mono path[0] = 'D:/2021.3.30f1c1/Editor/Data/Managed'
Mono path[1] = 'D:/2021.3.30f1c1/Editor/Data/MonoBleedingEdge/lib/mono/unityjit-win32'
Mono config path = 'D:/2021.3.30f1c1/Editor/Data/MonoBleedingEdge/etc'
Using monoOptions --debugger-agent=transport=dt_socket,embedding=1,server=y,suspend=n,address=127.0.0.1:56664
Begin MonoManager ReloadAssembly
Registering precompiled unity dll's ...
Register platform support module: D:/2021.3.30f1c1/Editor/Data/PlaybackEngines/WindowsStandaloneSupport/UnityEditor.WindowsStandalone.Extensions.dll
Registered in 0.007018 seconds.
Native extension for WindowsStandalone target not found
Refreshing native plugins compatible for Editor in 167.98 ms, found 3 plugins.
Preloading 0 native plugins for Editor in 0.00 ms.
Mono: successfully reloaded assembly
- Completed reload, in  0.983 seconds
Domain Reload Profiling:
	ReloadAssembly (983ms)
		BeginReloadAssembly (152ms)
			ExecutionOrderSort (0ms)
			DisableScriptedObjects (0ms)
			BackupInstance (0ms)
			ReleaseScriptingObjects (0ms)
			CreateAndSetChildDomain (1ms)
		EndReloadAssembly (681ms)
			LoadAssemblies (144ms)
			RebuildTransferFunctionScriptingTraits (0ms)
			SetupTypeCache (160ms)
			ReleaseScriptCaches (0ms)
			RebuildScriptCaches (36ms)
			SetupLoadedEditorAssemblies (414ms)
				LogAssemblyErrors (0ms)
				InitializePlatformSupportModulesInManaged (10ms)
				SetLoadedEditorAssemblies (0ms)
				RefreshPlugins (168ms)
				BeforeProcessingInitializeOnLoad (2ms)
				ProcessInitializeOnLoadAttributes (166ms)
				ProcessInitializeOnLoadMethodAttributes (68ms)
				AfterProcessingInitializeOnLoad (0ms)
				EditorAssembliesLoaded (0ms)
			ExecutionOrderSort2 (0ms)
			AwakeInstancesAfterBackupRestoration (0ms)
Platform modules already initialized, skipping
Registering precompiled user dll's ...
Registered in 0.016091 seconds.
Begin MonoManager ReloadAssembly
Native extension for WindowsStandalone target not found
Refreshing native plugins compatible for Editor in 0.74 ms, found 3 plugins.
Preloading 0 native plugins for Editor in 0.00 ms.
Mono: successfully reloaded assembly
- Completed reload, in  1.063 seconds
Domain Reload Profiling:
	ReloadAssembly (1064ms)
		BeginReloadAssembly (193ms)
			ExecutionOrderSort (0ms)
			DisableScriptedObjects (9ms)
			BackupInstance (0ms)
			ReleaseScriptingObjects (0ms)
			CreateAndSetChildDomain (25ms)
		EndReloadAssembly (704ms)
			LoadAssemblies (128ms)
			RebuildTransferFunctionScriptingTraits (0ms)
			SetupTypeCache (275ms)
			ReleaseScriptCaches (1ms)
			RebuildScriptCaches (39ms)
			SetupLoadedEditorAssemblies (253ms)
				LogAssemblyErrors (0ms)
				InitializePlatformSupportModulesInManaged (5ms)
				SetLoadedEditorAssemblies (1ms)
				RefreshPlugins (1ms)
				BeforeProcessingInitializeOnLoad (103ms)
				ProcessInitializeOnLoadAttributes (99ms)
				ProcessInitializeOnLoadMethodAttributes (25ms)
				AfterProcessingInitializeOnLoad (19ms)
				EditorAssembliesLoaded (0ms)
			ExecutionOrderSort2 (0ms)
			AwakeInstancesAfterBackupRestoration (7ms)
Platform modules already initialized, skipping
========================================================================
Worker process is ready to serve import requests
Launched and connected shader compiler UnityShaderCompiler.exe after 0.07 seconds
Refreshing native plugins compatible for Editor in 0.99 ms, found 3 plugins.
Preloading 0 native plugins for Editor in 0.00 ms.
Unloading 3055 Unused Serialized files (Serialized files now loaded: 0)
Unloading 17 unused Assets / (46.3 KB). Loaded Objects now: 3511.
Memory consumption went from 110.3 MB to 110.2 MB.
Total: 4.259500 ms (FindLiveObjects: 0.339900 ms CreateObjectMapping: 0.386000 ms MarkObjects: 3.404800 ms  DeleteObjects: 0.127500 ms)

AssetImportParameters requested are different than current active one (requested -> active):
  custom:video-decoder-ogg-theora: a1e56fd34408186e4bbccfd4996cb3dc -> 
  custom:container-muxer-webm: aa71ff27fc2769a1b78a27578f13a17b -> 
  custom:container-demuxer-webm: 4f35f7cbe854078d1ac9338744f61a02 -> 
  custom:video-encoder-webm-vp8: eb34c28f22e8b96e1ab97ce403110664 -> 
  custom:video-codec-MediaFoundation-h265: 746d11721c4dcdbdad8f713fa42b33f4 -> 
  custom:audio-encoder-webm-vorbis: bf7c407c2cedff20999df2af8eb42d56 -> 
  custom:framework-win-MediaFoundation: 216162199b28c13a410421893ffa2e32 -> 
  custom:container-demuxer-ogg: 62fdf1f143b41e24485cea50d1cbac27 -> 
  custom:video-decoder-webm-vp8: 9c59270c3fd7afecdb556c50c9e8de78 -> 
  custom:audio-decoder-ogg-vorbis: bf7c407c2cedff20999df2af8eb42d56 -> 
========================================================================
Received Import Request.
  Time since last request: 3366.620673 seconds.
  path: Assets/素材/Default size/tankSand_barrel1_outline.png
  artifactKey: Guid(703e9d5492a83494e86da45c5bf439cf) Importer(815301076,1909f56bfc062723c751e8b465ee728b)
Number of updated assets reloaded before import = 0
Start importing Assets/素材/Default size/tankSand_barrel1_outline.png using Guid(703e9d5492a83494e86da45c5bf439cf) Importer(815301076,1909f56bfc062723c751e8b465ee728b)  -> (artifact id: 'c34c65d832338f73d629aa601a8999f9') in 0.143291 seconds 
Number of asset objects unloaded after import = 2
========================================================================
Received Import Request.
  Time since last request: 0.000028 seconds.
  path: Assets/素材/Default size/tankBody_blue_outline.png
  artifactKey: Guid(8ab2d071226335547b1f8f37554625bd) Importer(815301076,1909f56bfc062723c751e8b465ee728b)
Number of updated assets reloaded before import = 0
Start importing Assets/素材/Default size/tankBody_blue_outline.png using Guid(8ab2d071226335547b1f8f37554625bd) Importer(815301076,1909f56bfc062723c751e8b465ee728b)  -> (artifact id: 'a7430845e9447b9e7a407fe5e8450273') in 0.022022 seconds 
Number of asset objects unloaded after import = 2
========================================================================
Received Import Request.
  Time since last request: 0.000021 seconds.
  path: Assets/素材/Default size/tankSand_barrel1.png
  artifactKey: Guid(54dc0be740607184ead182c3950a2b01) Importer(815301076,1909f56bfc062723c751e8b465ee728b)
Number of updated assets reloaded before import = 0
Start importing Assets/素材/Default size/tankSand_barrel1.png using Guid(54dc0be740607184ead182c3950a2b01) Importer(815301076,1909f56bfc062723c751e8b465ee728b)  -> (artifact id: 'cb382d3fdc53e30dcb056a30f99313fe') in 0.022067 seconds 
Number of asset objects unloaded after import = 2
========================================================================
Received Import Request.
  Time since last request: 0.000020 seconds.
  path: Assets/素材/Default size/barrelGreen_top.png
  artifactKey: Guid(2bd6f569fe2208343b5542cb714a7aad) Importer(815301076,1909f56bfc062723c751e8b465ee728b)
Number of updated assets reloaded before import = 0
Start importing Assets/素材/Default size/barrelGreen_top.png using Guid(2bd6f569fe2208343b5542cb714a7aad) Importer(815301076,1909f56bfc062723c751e8b465ee728b)  -> (artifact id: '07bf8d7374eb067a693e56685672ab2c') in 0.023003 seconds 
Number of asset objects unloaded after import = 2
========================================================================
Received Import Request.
  Time since last request: 0.000022 seconds.
  path: Assets/素材/Default size/tankDark_barrel2_outline.png
  artifactKey: Guid(07daa4b21afdcdb47975d23ced9c0893) Importer(815301076,1909f56bfc062723c751e8b465ee728b)
Number of updated assets reloaded before import = 0
Start importing Assets/素材/Default size/tankDark_barrel2_outline.png using Guid(07daa4b21afdcdb47975d23ced9c0893) Importer(815301076,1909f56bfc062723c751e8b465ee728b)  -> (artifact id: '3bddc357d1170a3a6d63987f28b0ae30') in 0.021377 seconds 
Number of asset objects unloaded after import = 2
========================================================================
Received Import Request.
  Time since last request: 0.000046 seconds.
  path: Assets/素材/Default size/explosionSmoke1.png
  artifactKey: Guid(fbd94e31a073cbe41aff8f7b1bbed31d) Importer(815301076,1909f56bfc062723c751e8b465ee728b)
Number of updated assets reloaded before import = 0
Start importing Assets/素材/Default size/explosionSmoke1.png using Guid(fbd94e31a073cbe41aff8f7b1bbed31d) Importer(815301076,1909f56bfc062723c751e8b465ee728b)  -> (artifact id: '6cbcc19c4ead1c8d4e5c5fc13b0df1b6') in 0.026182 seconds 
Number of asset objects unloaded after import = 2
========================================================================
Received Import Request.
  Time since last request: 0.000018 seconds.
  path: Assets/素材/Default size/tank_dark.png
  artifactKey: Guid(d8fe1191830c1ac499ba3516fbad8224) Importer(815301076,1909f56bfc062723c751e8b465ee728b)
Number of updated assets reloaded before import = 0
Start importing Assets/素材/Default size/tank_dark.png using Guid(d8fe1191830c1ac499ba3516fbad8224) Importer(815301076,1909f56bfc062723c751e8b465ee728b)  -> (artifact id: 'f073d8f44539f640ba8f7ae36246b14b') in 0.025134 seconds 
Number of asset objects unloaded after import = 2
========================================================================
Received Import Request.
  Time since last request: 0.000026 seconds.
  path: Assets/素材/Default size/tankGreen_barrel2.png
  artifactKey: Guid(33f15bc0b4a3fdb4f9ac9d34b74d2f4b) Importer(815301076,1909f56bfc062723c751e8b465ee728b)
Number of updated assets reloaded before import = 0
Start importing Assets/素材/Default size/tankGreen_barrel2.png using Guid(33f15bc0b4a3fdb4f9ac9d34b74d2f4b) Importer(815301076,1909f56bfc062723c751e8b465ee728b)  -> (artifact id: 'd44018978761c5fc0c757bbc85819d31') in 0.021109 seconds 
Number of asset objects unloaded after import = 2
========================================================================
Received Import Request.
  Time since last request: 0.000028 seconds.
  path: Assets/素材/Default size/bulletBlue2_outline.png
  artifactKey: Guid(c128bcd82424cc746955f28e05741a4b) Importer(815301076,1909f56bfc062723c751e8b465ee728b)
Number of updated assets reloaded before import = 0
Start importing Assets/素材/Default size/bulletBlue2_outline.png using Guid(c128bcd82424cc746955f28e05741a4b) Importer(815301076,1909f56bfc062723c751e8b465ee728b)  -> (artifact id: '4ee94d3e16e040dcee9213dbde237d8f') in 0.026329 seconds 
Number of asset objects unloaded after import = 2
========================================================================
Received Import Request.
  Time since last request: 0.000024 seconds.
  path: Assets/素材/Default size/tankBlue_barrel3.png
  artifactKey: Guid(c8f00ba473fc8244fb8ebdd1b987c10e) Importer(815301076,1909f56bfc062723c751e8b465ee728b)
Number of updated assets reloaded before import = 0
Start importing Assets/素材/Default size/tankBlue_barrel3.png using Guid(c8f00ba473fc8244fb8ebdd1b987c10e) Importer(815301076,1909f56bfc062723c751e8b465ee728b)  -> (artifact id: 'aa6b67534c05b46ffba5eec9d32c8fb9') in 0.024649 seconds 
Number of asset objects unloaded after import = 2
========================================================================
Received Import Request.
  Time since last request: 0.000018 seconds.
  path: Assets/素材/Default size/tankDark_barrel3.png
  artifactKey: Guid(5b6040f974b45704897233160f1c262e) Importer(815301076,1909f56bfc062723c751e8b465ee728b)
Number of updated assets reloaded before import = 0
Start importing Assets/素材/Default size/tankDark_barrel3.png using Guid(5b6040f974b45704897233160f1c262e) Importer(815301076,1909f56bfc062723c751e8b465ee728b)  -> (artifact id: '7c3c961550b37e2b877e6f7dced0c7e0') in 0.024189 seconds 
Number of asset objects unloaded after import = 2
========================================================================
Received Import Request.
  Time since last request: 0.000024 seconds.
  path: Assets/素材/Default size/tankBlue_barrel1_outline.png
  artifactKey: Guid(70112a9ed042ce7488b1bbf3d9157329) Importer(815301076,1909f56bfc062723c751e8b465ee728b)
Number of updated assets reloaded before import = 0
Start importing Assets/素材/Default size/tankBlue_barrel1_outline.png using Guid(70112a9ed042ce7488b1bbf3d9157329) Importer(815301076,1909f56bfc062723c751e8b465ee728b)  -> (artifact id: '77220c20ebe997786d8df0f2451a7d56') in 0.025917 seconds 
Number of asset objects unloaded after import = 2
========================================================================
Received Import Request.
  Time since last request: 0.000020 seconds.
  path: Assets/素材/Default size/specialBarrel6_outline.png
  artifactKey: Guid(e76001d385f616e499f9630030697577) Importer(815301076,1909f56bfc062723c751e8b465ee728b)
Number of updated assets reloaded before import = 0
Start importing Assets/素材/Default size/specialBarrel6_outline.png using Guid(e76001d385f616e499f9630030697577) Importer(815301076,1909f56bfc062723c751e8b465ee728b)  -> (artifact id: '247ec3e45cf83aeda3bffdc2d74dae1a') in 0.022879 seconds 
Number of asset objects unloaded after import = 2
========================================================================
Received Import Request.
  Time since last request: 0.000028 seconds.
  path: Assets/素材/Default size/sandbagBeige.png
  artifactKey: Guid(20c498cc13a8cca4e815b45bd9761b47) Importer(815301076,1909f56bfc062723c751e8b465ee728b)
Number of updated assets reloaded before import = 0
Start importing Assets/素材/Default size/sandbagBeige.png using Guid(20c498cc13a8cca4e815b45bd9761b47) Importer(815301076,1909f56bfc062723c751e8b465ee728b)  -> (artifact id: '66eb1ebe6cc50184d7d3c45537ad4056') in 0.024864 seconds 
Number of asset objects unloaded after import = 2
========================================================================
Received Import Request.
  Time since last request: 0.000038 seconds.
  path: Assets/素材
  artifactKey: Guid(e55c7970364cf5a449849983f1e1f83a) Importer(815301076,1909f56bfc062723c751e8b465ee728b)
Number of updated assets reloaded before import = 0
Start importing Assets/素材 using Guid(e55c7970364cf5a449849983f1e1f83a) Importer(815301076,1909f56bfc062723c751e8b465ee728b)  -> (artifact id: '534cd4a7d012692bca30555fa1c9d205') in 0.010625 seconds 
Number of asset objects unloaded after import = 0
========================================================================
Received Import Request.
  Time since last request: 0.000020 seconds.
  path: Assets/素材/Default size/tankDark_barrel3_outline.png
  artifactKey: Guid(ddd88feb33e841d4987e184d1eb4052b) Importer(815301076,1909f56bfc062723c751e8b465ee728b)
Number of updated assets reloaded before import = 0
Start importing Assets/素材/Default size/tankDark_barrel3_outline.png using Guid(ddd88feb33e841d4987e184d1eb4052b) Importer(815301076,1909f56bfc062723c751e8b465ee728b)  -> (artifact id: 'f0af8ec9904bc8f5524be8e403ecc7d1') in 0.019136 seconds 
Number of asset objects unloaded after import = 2
========================================================================
Received Import Request.
  Time since last request: 0.000016 seconds.
  path: Assets/素材/Default size/bulletSand2.png
  artifactKey: Guid(dc5899981cf686e498686bafd5758f5a) Importer(815301076,1909f56bfc062723c751e8b465ee728b)
Number of updated assets reloaded before import = 0
Start importing Assets/素材/Default size/bulletSand2.png using Guid(dc5899981cf686e498686bafd5758f5a) Importer(815301076,1909f56bfc062723c751e8b465ee728b)  -> (artifact id: 'e0ac1f089e0e9c0afac0750a199d699b') in 0.021212 seconds 
Number of asset objects unloaded after import = 2
========================================================================
Received Import Request.
  Time since last request: 0.000019 seconds.
  path: Assets/素材/Default size/bulletGreen3_outline.png
  artifactKey: Guid(9f74418f35c5b0f45a31e1cbd52f772d) Importer(815301076,1909f56bfc062723c751e8b465ee728b)
Number of updated assets reloaded before import = 0
Start importing Assets/素材/Default size/bulletGreen3_outline.png using Guid(9f74418f35c5b0f45a31e1cbd52f772d) Importer(815301076,1909f56bfc062723c751e8b465ee728b)  -> (artifact id: '4783074879603c6ad4aed84f0221c7d8') in 0.021643 seconds 
Number of asset objects unloaded after import = 2
========================================================================
Received Import Request.
  Time since last request: 0.000029 seconds.
  path: Assets/素材/Default size/tankRed_barrel2_outline.png
  artifactKey: Guid(f3df568293a9f104697e71169fdc8007) Importer(815301076,1909f56bfc062723c751e8b465ee728b)
Number of updated assets reloaded before import = 0
Start importing Assets/素材/Default size/tankRed_barrel2_outline.png using Guid(f3df568293a9f104697e71169fdc8007) Importer(815301076,1909f56bfc062723c751e8b465ee728b)  -> (artifact id: '8ae0febfe141e5903d5caa0d3f5156e5') in 0.019862 seconds 
Number of asset objects unloaded after import = 2
========================================================================
Received Import Request.
  Time since last request: 0.000021 seconds.
  path: Assets/素材/Default size/tankBlue_barrel3_outline.png
  artifactKey: Guid(b84856af2e95e8749aba57e0cda43c39) Importer(815301076,1909f56bfc062723c751e8b465ee728b)
Number of updated assets reloaded before import = 0
Start importing Assets/素材/Default size/tankBlue_barrel3_outline.png using Guid(b84856af2e95e8749aba57e0cda43c39) Importer(815301076,1909f56bfc062723c751e8b465ee728b)  -> (artifact id: 'c573afdfdbf5a18f50547fe6e330d137') in 0.019855 seconds 
Number of asset objects unloaded after import = 2
========================================================================
Received Import Request.
  Time since last request: 0.000020 seconds.
  path: Assets/素材/Default size/specialBarrel6.png
  artifactKey: Guid(be97e8dcb2216aa44a2ca804313c7e06) Importer(815301076,1909f56bfc062723c751e8b465ee728b)
Number of updated assets reloaded before import = 0
Start importing Assets/素材/Default size/specialBarrel6.png using Guid(be97e8dcb2216aa44a2ca804313c7e06) Importer(815301076,1909f56bfc062723c751e8b465ee728b)  -> (artifact id: '36a804e82826a56ad70b117455c7c576') in 0.022129 seconds 
Number of asset objects unloaded after import = 2
========================================================================
Received Import Request.
  Time since last request: 0.000018 seconds.
  path: Assets/素材/Default size/bulletBlue3_outline.png
  artifactKey: Guid(2d5c9e1b3d51d844a8bb4ed75e85d554) Importer(815301076,1909f56bfc062723c751e8b465ee728b)
Number of updated assets reloaded before import = 0
Start importing Assets/素材/Default size/bulletBlue3_outline.png using Guid(2d5c9e1b3d51d844a8bb4ed75e85d554) Importer(815301076,1909f56bfc062723c751e8b465ee728b)  -> (artifact id: 'b1e841f095570940201a18012ecb8035') in 0.021075 seconds 
Number of asset objects unloaded after import = 2
========================================================================
Received Import Request.
  Time since last request: 0.000025 seconds.
  path: Assets/素材/Default size/sandbagBrown.png
  artifactKey: Guid(6f366e7d6e4f51042b02b0763cdf5275) Importer(815301076,1909f56bfc062723c751e8b465ee728b)
Number of updated assets reloaded before import = 0
Start importing Assets/素材/Default size/sandbagBrown.png using Guid(6f366e7d6e4f51042b02b0763cdf5275) Importer(815301076,1909f56bfc062723c751e8b465ee728b)  -> (artifact id: '3b55a10bca8839288f0d6bdc1322af38') in 0.022009 seconds 
Number of asset objects unloaded after import = 2
========================================================================
Received Import Request.
  Time since last request: 0.000019 seconds.
  path: Assets/素材/Default size/barrelRed_side.png
  artifactKey: Guid(f764232225ffd1348a6a460c3a0a15e3) Importer(815301076,1909f56bfc062723c751e8b465ee728b)
Number of updated assets reloaded before import = 0
Start importing Assets/素材/Default size/barrelRed_side.png using Guid(f764232225ffd1348a6a460c3a0a15e3) Importer(815301076,1909f56bfc062723c751e8b465ee728b)  -> (artifact id: 'e4b8cc4307d073b50d44106eb4e08bf4') in 0.021569 seconds 
Number of asset objects unloaded after import = 2
========================================================================
Received Import Request.
  Time since last request: 0.000025 seconds.
  path: Assets/素材/Default size/bulletGreen1.png
  artifactKey: Guid(07c92d79967664f41a7525c9fb61ef07) Importer(815301076,1909f56bfc062723c751e8b465ee728b)
Number of updated assets reloaded before import = 0
Start importing Assets/素材/Default size/bulletGreen1.png using Guid(07c92d79967664f41a7525c9fb61ef07) Importer(815301076,1909f56bfc062723c751e8b465ee728b)  -> (artifact id: '85d7c34e051e69a7d04461597fb487d9') in 0.022865 seconds 
Number of asset objects unloaded after import = 2
========================================================================
Received Import Request.
  Time since last request: 0.000021 seconds.
  path: Assets/素材/Default size/tankGreen_barrel3.png
  artifactKey: Guid(8bb4e7dc9d5026a43900934dbdd0278d) Importer(815301076,1909f56bfc062723c751e8b465ee728b)
Number of updated assets reloaded before import = 0
Start importing Assets/素材/Default size/tankGreen_barrel3.png using Guid(8bb4e7dc9d5026a43900934dbdd0278d) Importer(815301076,1909f56bfc062723c751e8b465ee728b)  -> (artifact id: '09141afef5600fcd750c74dfcda25b33') in 0.020454 seconds 
Number of asset objects unloaded after import = 2
========================================================================
Received Import Request.
  Time since last request: 0.000040 seconds.
  path: Assets/素材/Default size/tankBody_sand.png
  artifactKey: Guid(d97cdefe229e89943a4ad82457ff5688) Importer(815301076,1909f56bfc062723c751e8b465ee728b)
Number of updated assets reloaded before import = 0
Start importing Assets/素材/Default size/tankBody_sand.png using Guid(d97cdefe229e89943a4ad82457ff5688) Importer(815301076,1909f56bfc062723c751e8b465ee728b)  -> (artifact id: '6a18adf7318508de265251b46e92b5aa') in 0.025909 seconds 
Number of asset objects unloaded after import = 2
========================================================================
Received Import Request.
  Time since last request: 0.000029 seconds.
  path: Assets/素材/Default size/bulletDark1.png
  artifactKey: Guid(d1f27fb7d9fc7e443a871a84d08e92cc) Importer(815301076,1909f56bfc062723c751e8b465ee728b)
Number of updated assets reloaded before import = 0
Start importing Assets/素材/Default size/bulletDark1.png using Guid(d1f27fb7d9fc7e443a871a84d08e92cc) Importer(815301076,1909f56bfc062723c751e8b465ee728b)  -> (artifact id: '68b2ba313f920b3a321d60671e84d07e') in 0.022041 seconds 
Number of asset objects unloaded after import = 2
========================================================================
Received Import Request.
  Time since last request: 0.000028 seconds.
  path: Assets/素材/Default size/tankSand_barrel3_outline.png
  artifactKey: Guid(27ce0098817b03c4f91bd933685076f6) Importer(815301076,1909f56bfc062723c751e8b465ee728b)
Number of updated assets reloaded before import = 0
Start importing Assets/素材/Default size/tankSand_barrel3_outline.png using Guid(27ce0098817b03c4f91bd933685076f6) Importer(815301076,1909f56bfc062723c751e8b465ee728b)  -> (artifact id: '59b208d7f56d4b238f41e0b5362b7b97') in 0.021654 seconds 
Number of asset objects unloaded after import = 2
========================================================================
Received Import Request.
  Time since last request: 0.000020 seconds.
  path: Assets/素材/Default size/oilSpill_large.png
  artifactKey: Guid(6c10d86217383ed46abef2b59ed8d0d5) Importer(815301076,1909f56bfc062723c751e8b465ee728b)
Number of updated assets reloaded before import = 0
Start importing Assets/素材/Default size/oilSpill_large.png using Guid(6c10d86217383ed46abef2b59ed8d0d5) Importer(815301076,1909f56bfc062723c751e8b465ee728b)  -> (artifact id: 'e2189113ced99c9a85fac7d52b8d5b92') in 0.021299 seconds 
Number of asset objects unloaded after import = 2
========================================================================
Received Import Request.
  Time since last request: 0.000023 seconds.
  path: Assets/素材/Default size/barricadeWood.png
  artifactKey: Guid(4dd83c43b6467004394b9d6553cf2e67) Importer(815301076,1909f56bfc062723c751e8b465ee728b)
Number of updated assets reloaded before import = 0
Start importing Assets/素材/Default size/barricadeWood.png using Guid(4dd83c43b6467004394b9d6553cf2e67) Importer(815301076,1909f56bfc062723c751e8b465ee728b)  -> (artifact id: '2c8c0a2766670764a443c52fa14b19d8') in 0.022741 seconds 
Number of asset objects unloaded after import = 2
========================================================================
Received Import Request.
  Time since last request: 0.000026 seconds.
  path: Assets/素材/Default size/specialBarrel3_outline.png
  artifactKey: Guid(0885e6f4c6f962d4aaef06ebe76d3b64) Importer(815301076,1909f56bfc062723c751e8b465ee728b)
Number of updated assets reloaded before import = 0
Start importing Assets/素材/Default size/specialBarrel3_outline.png using Guid(0885e6f4c6f962d4aaef06ebe76d3b64) Importer(815301076,1909f56bfc062723c751e8b465ee728b)  -> (artifact id: '577e9b8159c5b61e830364311ada7c19') in 0.022043 seconds 
Number of asset objects unloaded after import = 2
========================================================================
Received Import Request.
  Time since last request: 0.000025 seconds.
  path: Assets/素材/Default size/tankRed_barrel3.png
  artifactKey: Guid(84cc683d9c6ef8043be02aa458b6e453) Importer(815301076,1909f56bfc062723c751e8b465ee728b)
Number of updated assets reloaded before import = 0
Start importing Assets/素材/Default size/tankRed_barrel3.png using Guid(84cc683d9c6ef8043be02aa458b6e453) Importer(815301076,1909f56bfc062723c751e8b465ee728b)  -> (artifact id: 'e39c5d0432df2713cbd720d760c245bd') in 0.021377 seconds 
Number of asset objects unloaded after import = 2
========================================================================
Received Import Request.
  Time since last request: 0.000020 seconds.
  path: Assets/素材/Default size/barrelRust_side.png
  artifactKey: Guid(d06177f4f429e5b4fa80694b0ba45b14) Importer(815301076,1909f56bfc062723c751e8b465ee728b)
Number of updated assets reloaded before import = 0
Start importing Assets/素材/Default size/barrelRust_side.png using Guid(d06177f4f429e5b4fa80694b0ba45b14) Importer(815301076,1909f56bfc062723c751e8b465ee728b)  -> (artifact id: '15072bea4a28010c7c7b5fe58f979228') in 0.018681 seconds 
Number of asset objects unloaded after import = 2
========================================================================
Received Import Request.
  Time since last request: 0.000028 seconds.
  path: Assets/素材/Default size/explosion5.png
  artifactKey: Guid(92c3e2386bcb75b47af5f0259b944bfb) Importer(815301076,1909f56bfc062723c751e8b465ee728b)
Number of updated assets reloaded before import = 0
Start importing Assets/素材/Default size/explosion5.png using Guid(92c3e2386bcb75b47af5f0259b944bfb) Importer(815301076,1909f56bfc062723c751e8b465ee728b)  -> (artifact id: '7afec5c5efedeb6d62935a13e7f03e0b') in 0.018120 seconds 
Number of asset objects unloaded after import = 2
========================================================================
Received Import Request.
  Time since last request: 0.000030 seconds.
  path: Assets/素材/Default size/tankBody_red_outline.png
  artifactKey: Guid(c18caa3eb0ebd0842a8e95cbd31739e7) Importer(815301076,1909f56bfc062723c751e8b465ee728b)
Number of updated assets reloaded before import = 0
Start importing Assets/素材/Default size/tankBody_red_outline.png using Guid(c18caa3eb0ebd0842a8e95cbd31739e7) Importer(815301076,1909f56bfc062723c751e8b465ee728b)  -> (artifact id: '0d4581bb942cc11cb64c4468f1f4596c') in 0.021328 seconds 
Number of asset objects unloaded after import = 2
========================================================================
Received Import Request.
  Time since last request: 0.000028 seconds.
  path: Assets/素材/Default size/tank_sand.png
  artifactKey: Guid(91bed6d25719cbd468d58b8db51c42ba) Importer(815301076,1909f56bfc062723c751e8b465ee728b)
Number of updated assets reloaded before import = 0
Start importing Assets/素材/Default size/tank_sand.png using Guid(91bed6d25719cbd468d58b8db51c42ba) Importer(815301076,1909f56bfc062723c751e8b465ee728b)  -> (artifact id: '4437947c89443a39ab26adab25bac00e') in 0.018613 seconds 
Number of asset objects unloaded after import = 2
========================================================================
Received Import Request.
  Time since last request: 0.000018 seconds.
  path: Assets/素材/Default size/bulletRed1.png
  artifactKey: Guid(50a32a2991d4904419bc4029915c5e2e) Importer(815301076,1909f56bfc062723c751e8b465ee728b)
Number of updated assets reloaded before import = 0
Start importing Assets/素材/Default size/bulletRed1.png using Guid(50a32a2991d4904419bc4029915c5e2e) Importer(815301076,1909f56bfc062723c751e8b465ee728b)  -> (artifact id: 'af5943ae8f4d9efebb1e7539da6e3b83') in 0.017902 seconds 
Number of asset objects unloaded after import = 2
========================================================================
Received Import Request.
  Time since last request: 0.000023 seconds.
  path: Assets/素材/Default size/specialBarrel2_outline.png
  artifactKey: Guid(ab8b4ed5362753c4ab3fe58b62ea8438) Importer(815301076,1909f56bfc062723c751e8b465ee728b)
Number of updated assets reloaded before import = 0
Start importing Assets/素材/Default size/specialBarrel2_outline.png using Guid(ab8b4ed5362753c4ab3fe58b62ea8438) Importer(815301076,1909f56bfc062723c751e8b465ee728b)  -> (artifact id: '8638014fa50cc428c7d405da4f5a8e42') in 0.019999 seconds 
Number of asset objects unloaded after import = 2
========================================================================
Received Import Request.
  Time since last request: 0.000029 seconds.
  path: Assets/素材/Default size/bulletSand1.png
  artifactKey: Guid(ad792419af3fdf646a667c7a1219b984) Importer(815301076,1909f56bfc062723c751e8b465ee728b)
Number of updated assets reloaded before import = 0
Start importing Assets/素材/Default size/bulletSand1.png using Guid(ad792419af3fdf646a667c7a1219b984) Importer(815301076,1909f56bfc062723c751e8b465ee728b)  -> (artifact id: '33744154440ff625743ec837e4c1d5d9') in 0.019943 seconds 
Number of asset objects unloaded after import = 2
========================================================================
Received Import Request.
  Time since last request: 0.000026 seconds.
  path: Assets/素材/Default size/tankGreen_barrel1.png
  artifactKey: Guid(b796c5e6582b82446947de6efbb78438) Importer(815301076,1909f56bfc062723c751e8b465ee728b)
Number of updated assets reloaded before import = 0
Start importing Assets/素材/Default size/tankGreen_barrel1.png using Guid(b796c5e6582b82446947de6efbb78438) Importer(815301076,1909f56bfc062723c751e8b465ee728b)  -> (artifact id: 'f234db634e8b57a4d4c9b78e534aabbb') in 0.020980 seconds 
Number of asset objects unloaded after import = 2
========================================================================
Received Import Request.
  Time since last request: 0.000022 seconds.
  path: Assets/素材/Default size/tankSand_barrel3.png
  artifactKey: Guid(8b890bf5f3d29e845ab451dfefd68cfc) Importer(815301076,1909f56bfc062723c751e8b465ee728b)
Number of updated assets reloaded before import = 0
Start importing Assets/素材/Default size/tankSand_barrel3.png using Guid(8b890bf5f3d29e845ab451dfefd68cfc) Importer(815301076,1909f56bfc062723c751e8b465ee728b)  -> (artifact id: '50b0e6074cbe93292749eb13526dd896') in 0.020948 seconds 
Number of asset objects unloaded after import = 2
========================================================================
Received Import Request.
  Time since last request: 0.000018 seconds.
  path: Assets/素材/Default size/tank_red.png
  artifactKey: Guid(8564b4cc5f1517a4080e7eddd2cdff06) Importer(815301076,1909f56bfc062723c751e8b465ee728b)
Number of updated assets reloaded before import = 0
Start importing Assets/素材/Default size/tank_red.png using Guid(8564b4cc5f1517a4080e7eddd2cdff06) Importer(815301076,1909f56bfc062723c751e8b465ee728b)  -> (artifact id: '16a45c7f486eac8bc9a1234258a3f8ec') in 0.019997 seconds 
Number of asset objects unloaded after import = 2
========================================================================
Received Import Request.
  Time since last request: 0.000019 seconds.
  path: Assets/素材/Default size/specialBarrel5_outline.png
  artifactKey: Guid(2b79ef4d2f4549d48a8a4a5e163320e2) Importer(815301076,1909f56bfc062723c751e8b465ee728b)
Number of updated assets reloaded before import = 0
Start importing Assets/素材/Default size/specialBarrel5_outline.png using Guid(2b79ef4d2f4549d48a8a4a5e163320e2) Importer(815301076,1909f56bfc062723c751e8b465ee728b)  -> (artifact id: '49271291bfce1d822398d4b3ba12b69d') in 0.020648 seconds 
Number of asset objects unloaded after import = 2
========================================================================
Received Import Request.
  Time since last request: 0.000024 seconds.
  path: Assets/素材/Default size/specialBarrel1_outline.png
  artifactKey: Guid(e19e94354f55e24469882e0d1978c878) Importer(815301076,1909f56bfc062723c751e8b465ee728b)
Number of updated assets reloaded before import = 0
Start importing Assets/素材/Default size/specialBarrel1_outline.png using Guid(e19e94354f55e24469882e0d1978c878) Importer(815301076,1909f56bfc062723c751e8b465ee728b)  -> (artifact id: 'd739fa480b5a21da6de49626f641cf46') in 0.023589 seconds 
Number of asset objects unloaded after import = 2
========================================================================
Received Import Request.
  Time since last request: 0.000026 seconds.
  path: Assets/素材/Default size/bulletRed2.png
  artifactKey: Guid(9658805f0303f33438b853ba701147fd) Importer(815301076,1909f56bfc062723c751e8b465ee728b)
Number of updated assets reloaded before import = 0
Start importing Assets/素材/Default size/bulletRed2.png using Guid(9658805f0303f33438b853ba701147fd) Importer(815301076,1909f56bfc062723c751e8b465ee728b)  -> (artifact id: 'c00e55903487779cb99931af086be816') in 0.019974 seconds 
Number of asset objects unloaded after import = 2
========================================================================
Received Import Request.
  Time since last request: 0.000021 seconds.
  path: Assets/素材/Default size/bulletBlue2.png
  artifactKey: Guid(ed82578e6b5241649b1a91851924674b) Importer(815301076,1909f56bfc062723c751e8b465ee728b)
Number of updated assets reloaded before import = 0
Start importing Assets/素材/Default size/bulletBlue2.png using Guid(ed82578e6b5241649b1a91851924674b) Importer(815301076,1909f56bfc062723c751e8b465ee728b)  -> (artifact id: 'ada2bbb02f327e848faaa15a090395a9') in 0.020262 seconds 
Number of asset objects unloaded after import = 2
========================================================================
Received Import Request.
  Time since last request: 0.000028 seconds.
  path: Assets/素材/Default size/explosion3.png
  artifactKey: Guid(e41161816f51fb140a72df66ddc93712) Importer(815301076,1909f56bfc062723c751e8b465ee728b)
Number of updated assets reloaded before import = 0
Start importing Assets/素材/Default size/explosion3.png using Guid(e41161816f51fb140a72df66ddc93712) Importer(815301076,1909f56bfc062723c751e8b465ee728b)  -> (artifact id: 'b49fb151828039de735d867d169c4742') in 0.026186 seconds 
Number of asset objects unloaded after import = 2
========================================================================
Received Import Request.
  Time since last request: 0.000024 seconds.
  path: Assets/素材/Default size/sandbagBeige_open.png
  artifactKey: Guid(6e90b0b0dff2a774ab85d66d3a148d2f) Importer(815301076,1909f56bfc062723c751e8b465ee728b)
Number of updated assets reloaded before import = 0
Start importing Assets/素材/Default size/sandbagBeige_open.png using Guid(6e90b0b0dff2a774ab85d66d3a148d2f) Importer(815301076,1909f56bfc062723c751e8b465ee728b)  -> (artifact id: '9d570032ac50194c9a30b18d897ee488') in 0.022812 seconds 
Number of asset objects unloaded after import = 2
========================================================================
Received Import Request.
  Time since last request: 0.000020 seconds.
  path: Assets/素材/Default size/specialBarrel1.png
  artifactKey: Guid(27c72d1e3fdbc0745a9487cb7483417c) Importer(815301076,1909f56bfc062723c751e8b465ee728b)
Number of updated assets reloaded before import = 0
Start importing Assets/素材/Default size/specialBarrel1.png using Guid(27c72d1e3fdbc0745a9487cb7483417c) Importer(815301076,1909f56bfc062723c751e8b465ee728b)  -> (artifact id: '98feed3c5a9da04f37b46b96da7f3f20') in 0.021693 seconds 
Number of asset objects unloaded after import = 2
========================================================================
Received Import Request.
  Time since last request: 0.000026 seconds.
  path: Assets/素材/Default size/explosion2.png
  artifactKey: Guid(6556dae776274524995e612300d3abf0) Importer(815301076,1909f56bfc062723c751e8b465ee728b)
Number of updated assets reloaded before import = 0
Start importing Assets/素材/Default size/explosion2.png using Guid(6556dae776274524995e612300d3abf0) Importer(815301076,1909f56bfc062723c751e8b465ee728b)  -> (artifact id: 'd37dfa3570618bc967328f260f0552c8') in 0.021398 seconds 
Number of asset objects unloaded after import = 2
========================================================================
Received Import Request.
  Time since last request: 0.000024 seconds.
  path: Assets/素材/Default size/tank_bigRed.png
  artifactKey: Guid(50cec238aaa54d9418466710226764f6) Importer(815301076,1909f56bfc062723c751e8b465ee728b)
Number of updated assets reloaded before import = 0
Start importing Assets/素材/Default size/tank_bigRed.png using Guid(50cec238aaa54d9418466710226764f6) Importer(815301076,1909f56bfc062723c751e8b465ee728b)  -> (artifact id: '4d87fbc2dfdb0bdd81158fe3de4453a1') in 0.024436 seconds 
Number of asset objects unloaded after import = 2
========================================================================
Received Import Request.
  Time since last request: 0.000029 seconds.
  path: Assets/素材/Default size/bulletRed3_outline.png
  artifactKey: Guid(280a5a2d36e23244e9949a9267ceadde) Importer(815301076,1909f56bfc062723c751e8b465ee728b)
Number of updated assets reloaded before import = 0
Start importing Assets/素材/Default size/bulletRed3_outline.png using Guid(280a5a2d36e23244e9949a9267ceadde) Importer(815301076,1909f56bfc062723c751e8b465ee728b)  -> (artifact id: 'c2c206b418fbc814ee517206912972e0') in 0.029842 seconds 
Number of asset objects unloaded after import = 2
========================================================================
Received Import Request.
  Time since last request: 0.000029 seconds.
  path: Assets/素材/Default size/explosionSmoke3.png
  artifactKey: Guid(e926ba5303dae234e9f82f9156341139) Importer(815301076,1909f56bfc062723c751e8b465ee728b)
Number of updated assets reloaded before import = 0
Start importing Assets/素材/Default size/explosionSmoke3.png using Guid(e926ba5303dae234e9f82f9156341139) Importer(815301076,1909f56bfc062723c751e8b465ee728b)  -> (artifact id: 'd0a79331aed17333af2feb7e52fc57da') in 0.028221 seconds 
Number of asset objects unloaded after import = 2
========================================================================
Received Import Request.
  Time since last request: 0.000021 seconds.
  path: Assets/素材/Default size/tankBody_sand_outline.png
  artifactKey: Guid(918020b81a6440148a0ffb1703d7b08c) Importer(815301076,1909f56bfc062723c751e8b465ee728b)
Number of updated assets reloaded before import = 0
Start importing Assets/素材/Default size/tankBody_sand_outline.png using Guid(918020b81a6440148a0ffb1703d7b08c) Importer(815301076,1909f56bfc062723c751e8b465ee728b)  -> (artifact id: '57439e111f91629d274b6db35e9d8534') in 0.025525 seconds 
Number of asset objects unloaded after import = 2
========================================================================
Received Import Request.
  Time since last request: 0.000024 seconds.
  path: Assets/素材/Default size/crateMetal.png
  artifactKey: Guid(3f08f930774d3aa4d917cad279caa1ce) Importer(815301076,1909f56bfc062723c751e8b465ee728b)
Number of updated assets reloaded before import = 0
Start importing Assets/素材/Default size/crateMetal.png using Guid(3f08f930774d3aa4d917cad279caa1ce) Importer(815301076,1909f56bfc062723c751e8b465ee728b)  -> (artifact id: '7354e6078c0a79f4e9a37268ebc3e87f') in 0.020744 seconds 
Number of asset objects unloaded after import = 2
========================================================================
Received Import Request.
  Time since last request: 0.000037 seconds.
  path: Assets/素材/Default size/bulletDark3_outline.png
  artifactKey: Guid(1d0501be810af1f4b8ec9706466481af) Importer(815301076,1909f56bfc062723c751e8b465ee728b)
Number of updated assets reloaded before import = 0
Start importing Assets/素材/Default size/bulletDark3_outline.png using Guid(1d0501be810af1f4b8ec9706466481af) Importer(815301076,1909f56bfc062723c751e8b465ee728b)  -> (artifact id: 'd69450eae6458c1691f47f5f9986b4d2') in 0.022754 seconds 
Number of asset objects unloaded after import = 2
========================================================================
Received Import Request.
  Time since last request: 0.000024 seconds.
  path: Assets/素材/Default size/tankBody_dark.png
  artifactKey: Guid(d68d9a05a0962d647a290b398ab700ff) Importer(815301076,1909f56bfc062723c751e8b465ee728b)
Number of updated assets reloaded before import = 0
Start importing Assets/素材/Default size/tankBody_dark.png using Guid(d68d9a05a0962d647a290b398ab700ff) Importer(815301076,1909f56bfc062723c751e8b465ee728b)  -> (artifact id: '814a9562bf735eab98a885ddf50d0535') in 0.023574 seconds 
Number of asset objects unloaded after import = 2
========================================================================
Received Import Request.
  Time since last request: 0.000028 seconds.
  path: Assets/素材/Default size/tankBody_green.png
  artifactKey: Guid(e6824e8b40efa9e40969dd60bf157d5b) Importer(815301076,1909f56bfc062723c751e8b465ee728b)
Number of updated assets reloaded before import = 0
Start importing Assets/素材/Default size/tankBody_green.png using Guid(e6824e8b40efa9e40969dd60bf157d5b) Importer(815301076,1909f56bfc062723c751e8b465ee728b)  -> (artifact id: '1737ca1777f9a797ccdf9e18d6ebaaac') in 0.023280 seconds 
Number of asset objects unloaded after import = 2
========================================================================
Received Import Request.
  Time since last request: 0.000020 seconds.
  path: Assets/素材/Default size/barricadeMetal.png
  artifactKey: Guid(152b6f2d23719e447bcc0a76da3044f4) Importer(815301076,1909f56bfc062723c751e8b465ee728b)
Number of updated assets reloaded before import = 0
Start importing Assets/素材/Default size/barricadeMetal.png using Guid(152b6f2d23719e447bcc0a76da3044f4) Importer(815301076,1909f56bfc062723c751e8b465ee728b)  -> (artifact id: '2045b1ce697bb591abbc0f162ff86f57') in 0.023185 seconds 
Number of asset objects unloaded after import = 2
========================================================================
Received Import Request.
  Time since last request: 0.000028 seconds.
  path: Assets/素材/Default size/bulletSand3.png
  artifactKey: Guid(0e181c4e6d737d74ea0bc03e89712250) Importer(815301076,1909f56bfc062723c751e8b465ee728b)
Number of updated assets reloaded before import = 0
Start importing Assets/素材/Default size/bulletSand3.png using Guid(0e181c4e6d737d74ea0bc03e89712250) Importer(815301076,1909f56bfc062723c751e8b465ee728b)  -> (artifact id: '9ae2183f9a545b9891abdade95efa316') in 0.024534 seconds 
Number of asset objects unloaded after import = 2
========================================================================
Received Import Request.
  Time since last request: 0.000045 seconds.
  path: Assets/素材/Default size/barrelBlack_side.png
  artifactKey: Guid(799e4e1aeecee244fa25724ae4fa4f9f) Importer(815301076,1909f56bfc062723c751e8b465ee728b)
Number of updated assets reloaded before import = 0
Start importing Assets/素材/Default size/barrelBlack_side.png using Guid(799e4e1aeecee244fa25724ae4fa4f9f) Importer(815301076,1909f56bfc062723c751e8b465ee728b)  -> (artifact id: 'b9641445ceed85ddf31030283fea967d') in 0.025603 seconds 
Number of asset objects unloaded after import = 2
========================================================================
Received Import Request.
  Time since last request: 0.000042 seconds.
  path: Assets/素材/Default size/bulletSand3_outline.png
  artifactKey: Guid(f2eee347a47db7f419e71e62ee7956d9) Importer(815301076,1909f56bfc062723c751e8b465ee728b)
Number of updated assets reloaded before import = 0
Start importing Assets/素材/Default size/bulletSand3_outline.png using Guid(f2eee347a47db7f419e71e62ee7956d9) Importer(815301076,1909f56bfc062723c751e8b465ee728b)  -> (artifact id: '530e9cc2cd9db23061ace84932d79592') in 0.025887 seconds 
Number of asset objects unloaded after import = 2
========================================================================
Received Import Request.
  Time since last request: 0.000028 seconds.
  path: Assets/素材/Default size/tankBlue_barrel2_outline.png
  artifactKey: Guid(6b05edc48f41cd64ea550b5cd35047ee) Importer(815301076,1909f56bfc062723c751e8b465ee728b)
Number of updated assets reloaded before import = 0
Start importing Assets/素材/Default size/tankBlue_barrel2_outline.png using Guid(6b05edc48f41cd64ea550b5cd35047ee) Importer(815301076,1909f56bfc062723c751e8b465ee728b)  -> (artifact id: '56b1727c4bdeab92aded46079c3f48f9') in 0.026256 seconds 
Number of asset objects unloaded after import = 2
========================================================================
Received Import Request.
  Time since last request: 0.000035 seconds.
  path: Assets/素材/Default size/specialBarrel3.png
  artifactKey: Guid(f9c10eb28a886354c8bd939658a724ba) Importer(815301076,1909f56bfc062723c751e8b465ee728b)
Number of updated assets reloaded before import = 0
Start importing Assets/素材/Default size/specialBarrel3.png using Guid(f9c10eb28a886354c8bd939658a724ba) Importer(815301076,1909f56bfc062723c751e8b465ee728b)  -> (artifact id: '71cba40d9a3344214e1c5293f538e2b9') in 0.028378 seconds 
Number of asset objects unloaded after import = 2
========================================================================
Received Import Request.
  Time since last request: 0.000041 seconds.
  path: Assets/素材/Default size/tankDark_barrel2.png
  artifactKey: Guid(e5a50a136a29a8a45b5c81fa77badc3f) Importer(815301076,1909f56bfc062723c751e8b465ee728b)
Number of updated assets reloaded before import = 0
Start importing Assets/素材/Default size/tankDark_barrel2.png using Guid(e5a50a136a29a8a45b5c81fa77badc3f) Importer(815301076,1909f56bfc062723c751e8b465ee728b)  -> (artifact id: '3faddf7d558dc2856c8c4ad1f9cec29b') in 0.025027 seconds 
Number of asset objects unloaded after import = 2
========================================================================
Received Import Request.
  Time since last request: 0.000025 seconds.
  path: Assets/素材/Default size/tankGreen_barrel2_outline.png
  artifactKey: Guid(c37c0b50069f9064e824bbcaf0224720) Importer(815301076,1909f56bfc062723c751e8b465ee728b)
Number of updated assets reloaded before import = 0
Start importing Assets/素材/Default size/tankGreen_barrel2_outline.png using Guid(c37c0b50069f9064e824bbcaf0224720) Importer(815301076,1909f56bfc062723c751e8b465ee728b)  -> (artifact id: '37d4b4d93bdb73211639f90e11ad7aee') in 0.020649 seconds 
Number of asset objects unloaded after import = 2
========================================================================
Received Prepare
Refreshing native plugins compatible for Editor in 8.65 ms, found 3 plugins.
Preloading 0 native plugins for Editor in 0.00 ms.
Unloading 15 Unused Serialized files (Serialized files now loaded: 0)
Unloading 15 unused Assets / (21.9 KB). Loaded Objects now: 3522.
Memory consumption went from 49.2 MB to 49.2 MB.
Total: 4.883800 ms (FindLiveObjects: 0.652800 ms CreateObjectMapping: 0.854000 ms MarkObjects: 3.345100 ms  DeleteObjects: 0.030400 ms)

AssetImportParameters requested are different than current active one (requested -> active):
  custom:video-decoder-ogg-theora: a1e56fd34408186e4bbccfd4996cb3dc -> 
  custom:container-muxer-webm: aa71ff27fc2769a1b78a27578f13a17b -> 
  custom:container-demuxer-webm: 4f35f7cbe854078d1ac9338744f61a02 -> 
  custom:video-encoder-webm-vp8: eb34c28f22e8b96e1ab97ce403110664 -> 
  custom:video-codec-MediaFoundation-h265: 746d11721c4dcdbdad8f713fa42b33f4 -> 
  custom:CustomObjectIndexerAttribute: bc11b3a6c3213fcdd17b65e7da85e133 -> 
  custom:audio-encoder-webm-vorbis: bf7c407c2cedff20999df2af8eb42d56 -> 
  custom:framework-win-MediaFoundation: 216162199b28c13a410421893ffa2e32 -> 
  custom:SearchIndexIgnoredProperties: e643bd26f0fe6173181afceb89e7c659 -> 
  custom:container-demuxer-ogg: 62fdf1f143b41e24485cea50d1cbac27 -> 
  custom:video-decoder-webm-vp8: 9c59270c3fd7afecdb556c50c9e8de78 -> 
  custom:audio-decoder-ogg-vorbis: bf7c407c2cedff20999df2af8eb42d56 -> 
